<?xml version="1.0" encoding="utf-8"?><testsuites name="pytest tests"><testsuite name="pytest" errors="0" failures="0" skipped="1" tests="26" time="30.860" timestamp="2026-02-18T10:59:54.646441+00:00" hostname="aac945cf31a7"><testcase classname="test_all.Tester" name="test_backbone_script" time="1.294" /><testcase classname="test_all.Tester" name="test_box_cxcywh_to_xyxy" time="0.002" /><testcase classname="test_all.Tester" name="test_hungarian" time="0.007" /><testcase classname="test_all.Tester" name="test_model_detection_different_inputs" time="0.959" /><testcase classname="test_all.Tester" name="test_model_script_detection" time="5.664" /><testcase classname="test_all.Tester" name="test_model_script_panoptic" time="5.023" /><testcase classname="test_all.Tester" name="test_position_encoding_script" time="0.024" /><testcase classname="test_all.Tester" name="test_warpped_model_script_detection" time="3.815" /><testcase classname="test_all.ONNXExporterTester" name="test_model_onnx_detection" time="6.770" /><testcase classname="test_all.ONNXExporterTester" name="test_model_onnx_detection_panoptic" time="0.001"><skipped type="pytest.skip" message="CI doesn't have enough memory">/home/kavia/workspace/code-generation/Object-detection/test_all.py:192: CI doesn't have enough memory</skipped></testcase><testcase classname="test_phase0_phase1_phase2.TestPhase0Utilities" name="test_box_ops_generalized_iou_identity_is_one" time="0.003" /><testcase classname="test_phase0_phase1_phase2.TestPhase0Utilities" name="test_box_ops_masks_to_boxes_empty" time="0.002" /><testcase classname="test_phase0_phase1_phase2.TestPhase0Utilities" name="test_metric_logger_update_tensor_and_numeric" time="0.002" /><testcase classname="test_phase0_phase1_phase2.TestPhase0Utilities" name="test_nested_tensor_from_tensor_list_padding_and_mask" time="0.002" /><testcase classname="test_phase0_phase1_phase2.TestPhase0Utilities" name="test_nested_tensor_to_moves_mask_and_tensor" time="0.002" /><testcase classname="test_phase0_phase1_phase2.TestPhase0Utilities" name="test_smoothed_value_basic_stats" time="0.002" /><testcase classname="test_phase0_phase1_phase2.TestPhase1Transforms" name="test_hflip_flips_boxes" time="0.003" /><testcase classname="test_phase0_phase1_phase2.TestPhase1Transforms" name="test_normalize_converts_boxes_to_cxcywh_and_normalizes" time="0.003" /><testcase classname="test_phase0_phase1_phase2.TestPhase1Transforms" name="test_pad_updates_size_and_masks" time="0.002" /><testcase classname="test_phase0_phase1_phase2.TestPhase1Transforms" name="test_resize_updates_boxes_area_and_size" time="0.003" /><testcase classname="test_phase0_phase1_phase2.TestPhase2ModelLogic" name="test_dice_loss_bounds" time="0.002" /><testcase classname="test_phase0_phase1_phase2.TestPhase2ModelLogic" name="test_postprocess_scales_boxes_to_absolute_coords" time="0.002" /><testcase classname="test_phase0_phase1_phase2.TestPhase2ModelLogic" name="test_setcriterion_loss_boxes_zero_when_exact_match" time="0.004" /><testcase classname="test_phase0_phase1_phase2.TestPhase2ModelLogic" name="test_setcriterion_loss_labels_includes_class_error" time="0.004" /><testcase classname="test_phase0_phase1_phase2.TestPhase2ModelLogic" name="test_sigmoid_focal_loss_zero_for_easy_correct" time="0.002" /><testcase classname="test_phase0_phase1_phase2.TestPhase2ModelLogic" name="test_transformer_output_shapes" time="0.024" /></testsuite></testsuites>